<?xml version="1.0" encoding="UTF-8"?>
<!-- Generated by org.testng.reporters.JUnitXMLReporter -->
<testsuite ignored="1" hostname="GAVLMUMDT-046" failures="0" tests="1" name="Default test" time="136.647" errors="0" timestamp="2026-02-04T11:13:53 IST">
  <testcase classname="test.StartAndEndDayReport_CPB_Test" name="start_N_EndDayLog" time="127.465"/>
  <testcase classname="test.StartAndEndDayReport_CPB_Test" name="upload_start_N_EndDayLogReport" time="0.0">
    <ignored/>
  </testcase> <!-- upload_start_N_EndDayLogReport -->
</testsuite> <!-- Default test -->
