<?xml version="1.0" encoding="UTF-8"?>
<!-- Generated by org.testng.reporters.JUnitXMLReporter -->
<testsuite ignored="1" hostname="GAVLMUMDT-046" failures="0" tests="1" name="Default test" time="4.856" errors="0" timestamp="2026-01-05T11:15:47 IST">
  <testcase classname="test.GraciaReportTest" name="gracia_Report_Upload" time="3.051"/>
  <testcase classname="test.GraciaReportTest" name="report_Gracia" time="0.0">
    <ignored/>
  </testcase> <!-- report_Gracia -->
</testsuite> <!-- Default test -->
