<?xml version="1.0" encoding="UTF-8"?>
<!-- Generated by org.testng.reporters.JUnitXMLReporter -->
<testsuite ignored="1" hostname="GAVLMUMLT-0162" failures="0" tests="1" name="Default test" time="5.124" errors="0" timestamp="2025-12-02T10:10:21 IST">
  <testcase classname="test.LiquidationReportTest" name="upload" time="0.425"/>
  <testcase classname="test.LiquidationReportTest" name="liquidationReport" time="0.0">
    <ignored/>
  </testcase> <!-- liquidationReport -->
</testsuite> <!-- Default test -->
