<?xml version="1.0" encoding="UTF-8"?>
<!-- Generated by org.testng.reporters.JUnitXMLReporter -->
<testsuite ignored="1" hostname="GAVLMUMDT-046" failures="0" tests="1" name="Default test" time="25.721" errors="0" timestamp="2026-02-06T17:33:55 IST">
  <testcase classname="test.AttendanceReport_AF_Test" name="attendanceReport_AF" time="22.488"/>
  <testcase classname="test.AttendanceReport_AF_Test" name="upload_AF_AdherenceReport" time="0.0">
    <ignored/>
  </testcase> <!-- upload_AF_AdherenceReport -->
</testsuite> <!-- Default test -->
