<?xml version="1.0" encoding="UTF-8"?>
<!-- Generated by org.testng.reporters.JUnitXMLReporter -->
<testsuite ignored="1" hostname="GAVLMUMDT-046" failures="0" tests="1" name="Default test" time="118.719" errors="0" timestamp="2026-02-09T12:29:20 IST">
  <testcase classname="test.OverAllLiquidationReportTest" name="liquidationReport" time="111.412"/>
  <testcase classname="test.OverAllLiquidationReportTest" name="upload" time="0.0">
    <ignored/>
  </testcase> <!-- upload -->
</testsuite> <!-- Default test -->
