<?xml version="1.0" encoding="UTF-8"?>
<!-- Generated by org.testng.reporters.JUnitXMLReporter -->
<testsuite ignored="1" hostname="GAVLMUMDT-046" failures="0" tests="1" name="Default test" time="147.66" errors="0" timestamp="2026-02-05T15:38:03 IST">
  <testcase classname="test.GraciaReportTest" name="report_Gracia" time="145.083"/>
  <testcase classname="test.GraciaReportTest" name="gracia_Report_Upload" time="0.0">
    <ignored/>
  </testcase> <!-- gracia_Report_Upload -->
</testsuite> <!-- Default test -->
