<?xml version="1.0" encoding="UTF-8"?>
<!-- Generated by org.testng.reporters.JUnitXMLReporter -->
<testsuite ignored="1" hostname="GAVLMUMDT-046" failures="0" tests="1" name="Default test" time="2.956" errors="0" timestamp="2025-10-29T09:09:36 IST">
  <testcase classname="test.LiquidationReportTest" name="upload" time="0.616"/>
  <testcase classname="test.LiquidationReportTest" name="liquidationReport" time="0.0">
    <ignored/>
  </testcase> <!-- liquidationReport -->
</testsuite> <!-- Default test -->
