<?xml version="1.0" encoding="UTF-8"?>
<!-- Generated by org.testng.reporters.JUnitXMLReporter -->
<testsuite ignored="1" hostname="GAVLMUMDT-046" failures="0" tests="1" name="Default test" time="716.227" errors="0" timestamp="2026-01-08T18:13:03 IST">
  <testcase classname="test.AF_ReportTest" name="reportGeneration" time="704.935"/>
  <testcase classname="test.AF_ReportTest" name="UploadBR_ReportToFTP" time="0.0">
    <ignored/>
  </testcase> <!-- UploadBR_ReportToFTP -->
</testsuite> <!-- Default test -->
