<?xml version="1.0" encoding="UTF-8"?>
<testng-results ignored="1" total="2" passed="1" failed="0" skipped="0">
  <reporter-output>
  </reporter-output>
  <suite started-at="2026-01-08T18:01:07 IST" name="Default suite" finished-at="2026-01-08T18:13:03 IST" duration-ms="716227">
    <groups>
    </groups>
    <test started-at="2026-01-08T18:01:07 IST" name="Default test" finished-at="2026-01-08T18:13:03 IST" duration-ms="716227">
      <class name="test.AF_ReportTest">
        <test-method is-config="true" signature="Login()[pri:0, instance:test.AF_ReportTest@5fbe4146]" started-at="2026-01-08T18:01:07 IST" name="Login" finished-at="2026-01-08T18:01:18 IST" duration-ms="10992" status="PASS">
          <reporter-output>
          </reporter-output>
        </test-method> <!-- Login -->
        <test-method signature="reportGeneration()[pri:0, instance:test.AF_ReportTest@5fbe4146]" started-at="2026-01-08T18:01:18 IST" name="reportGeneration" finished-at="2026-01-08T18:13:03 IST" duration-ms="704935" status="PASS">
          <reporter-output>
          </reporter-output>
        </test-method> <!-- reportGeneration -->
        <test-method is-config="true" signature="closeInstance()[pri:0, instance:test.AF_ReportTest@5fbe4146]" started-at="2026-01-08T18:13:03 IST" name="closeInstance" finished-at="2026-01-08T18:13:03 IST" duration-ms="275" status="PASS">
          <reporter-output>
          </reporter-output>
        </test-method> <!-- closeInstance -->
      </class> <!-- test.AF_ReportTest -->
    </test> <!-- Default test -->
  </suite> <!-- Default suite -->
</testng-results>
