<?xml version="1.0" encoding="UTF-8"?>
<testng-results ignored="0" total="2" passed="2" failed="0" skipped="0">
  <reporter-output>
  </reporter-output>
  <suite started-at="2026-01-08T09:52:25 IST" name="Default suite" finished-at="2026-01-08T09:53:10 IST" duration-ms="44673">
    <groups>
    </groups>
    <test started-at="2026-01-08T09:52:25 IST" name="Default test" finished-at="2026-01-08T09:53:10 IST" duration-ms="44673">
      <class name="test.AF_UserListReportTest">
        <test-method is-config="true" signature="Login()[pri:0, instance:test.AF_UserListReportTest@5fbe4146]" started-at="2026-01-08T09:52:25 IST" name="Login" finished-at="2026-01-08T09:52:29 IST" duration-ms="3659" status="PASS">
          <reporter-output>
          </reporter-output>
        </test-method> <!-- Login -->
        <test-method signature="AF_userListReport()[pri:0, instance:test.AF_UserListReportTest@5fbe4146]" started-at="2026-01-08T09:52:29 IST" name="AF_userListReport" finished-at="2026-01-08T09:52:40 IST" duration-ms="11570" status="PASS">
          <reporter-output>
          </reporter-output>
        </test-method> <!-- AF_userListReport -->
        <test-method signature="uploadToFTP_AF_User()[pri:0, instance:test.AF_UserListReportTest@5fbe4146]" started-at="2026-01-08T09:52:40 IST" name="uploadToFTP_AF_User" finished-at="2026-01-08T09:53:04 IST" depends-on-methods="test.AF_UserListReportTest.AF_userListReport" duration-ms="24068" status="PASS">
          <reporter-output>
          </reporter-output>
        </test-method> <!-- uploadToFTP_AF_User -->
        <test-method is-config="true" signature="closeInstance()[pri:0, instance:test.AF_UserListReportTest@5fbe4146]" started-at="2026-01-08T09:53:04 IST" name="closeInstance" finished-at="2026-01-08T09:53:10 IST" duration-ms="5343" status="PASS">
          <reporter-output>
          </reporter-output>
        </test-method> <!-- closeInstance -->
      </class> <!-- test.AF_UserListReportTest -->
    </test> <!-- Default test -->
  </suite> <!-- Default suite -->
</testng-results>
