<?xml version="1.0" encoding="UTF-8"?>
<testng-results ignored="0" total="2" passed="2" failed="0" skipped="0">
  <reporter-output>
  </reporter-output>
  <suite started-at="2025-12-04T10:30:38 IST" name="Default suite" finished-at="2025-12-04T10:32:53 IST" duration-ms="135355">
    <groups>
    </groups>
    <test started-at="2025-12-04T10:30:38 IST" name="Default test" finished-at="2025-12-04T10:32:53 IST" duration-ms="135355">
      <class name="test.LiquidationReportTest">
        <test-method is-config="true" signature="Login()[pri:0, instance:test.LiquidationReportTest@bccb269]" started-at="2025-12-04T10:30:38 IST" name="Login" finished-at="2025-12-04T10:30:40 IST" duration-ms="2460" status="PASS">
          <reporter-output>
          </reporter-output>
        </test-method> <!-- Login -->
        <test-method signature="liquidationReport()[pri:0, instance:test.LiquidationReportTest@bccb269]" started-at="2025-12-04T10:30:40 IST" name="liquidationReport" finished-at="2025-12-04T10:32:52 IST" duration-ms="132210" status="PASS">
          <reporter-output>
          </reporter-output>
        </test-method> <!-- liquidationReport -->
        <test-method signature="upload()[pri:0, instance:test.LiquidationReportTest@bccb269]" started-at="2025-12-04T10:32:52 IST" name="upload" finished-at="2025-12-04T10:32:53 IST" depends-on-methods="test.LiquidationReportTest.liquidationReport" duration-ms="408" status="PASS">
          <reporter-output>
          </reporter-output>
        </test-method> <!-- upload -->
        <test-method is-config="true" signature="closeInstance()[pri:0, instance:test.LiquidationReportTest@bccb269]" started-at="2025-12-04T10:32:53 IST" name="closeInstance" finished-at="2025-12-04T10:32:53 IST" duration-ms="249" status="PASS">
          <reporter-output>
          </reporter-output>
        </test-method> <!-- closeInstance -->
      </class> <!-- test.LiquidationReportTest -->
    </test> <!-- Default test -->
  </suite> <!-- Default suite -->
</testng-results>
