<?xml version="1.0" encoding="UTF-8"?>
<testng-results ignored="0" total="2" passed="2" failed="0" skipped="0">
  <reporter-output>
  </reporter-output>
  <suite started-at="2025-12-23T09:07:35 IST" name="Default suite" finished-at="2025-12-23T09:18:01 IST" duration-ms="625874">
    <groups>
    </groups>
    <test started-at="2025-12-23T09:07:35 IST" name="Default test" finished-at="2025-12-23T09:18:01 IST" duration-ms="625874">
      <class name="test.CPB_ReportTest">
        <test-method is-config="true" signature="Login()[pri:0, instance:test.CPB_ReportTest@bccb269]" started-at="2025-12-23T09:07:35 IST" name="Login" finished-at="2025-12-23T09:07:37 IST" duration-ms="2283" status="PASS">
          <reporter-output>
          </reporter-output>
        </test-method> <!-- Login -->
        <test-method signature="reportGeneration()[pri:0, instance:test.CPB_ReportTest@bccb269]" started-at="2025-12-23T09:07:37 IST" name="reportGeneration" finished-at="2025-12-23T09:17:55 IST" duration-ms="618142" status="PASS">
          <reporter-output>
          </reporter-output>
        </test-method> <!-- reportGeneration -->
        <test-method signature="UploadToFTP()[pri:0, instance:test.CPB_ReportTest@bccb269]" started-at="2025-12-23T09:17:55 IST" name="UploadToFTP" finished-at="2025-12-23T09:18:01 IST" depends-on-methods="test.CPB_ReportTest.reportGeneration" duration-ms="5127" status="PASS">
          <reporter-output>
          </reporter-output>
        </test-method> <!-- UploadToFTP -->
        <test-method is-config="true" signature="closeInstance()[pri:0, instance:test.CPB_ReportTest@bccb269]" started-at="2025-12-23T09:18:01 IST" name="closeInstance" finished-at="2025-12-23T09:18:01 IST" duration-ms="302" status="PASS">
          <reporter-output>
          </reporter-output>
        </test-method> <!-- closeInstance -->
      </class> <!-- test.CPB_ReportTest -->
    </test> <!-- Default test -->
  </suite> <!-- Default suite -->
</testng-results>
