<?xml version="1.0" encoding="UTF-8"?>
<testng-results ignored="0" total="1" passed="1" failed="0" skipped="0">
  <reporter-output>
  </reporter-output>
  <suite started-at="2025-10-08T15:02:29 IST" name="Default suite" finished-at="2025-10-08T15:02:59 IST" duration-ms="30025">
    <groups>
    </groups>
    <test started-at="2025-10-08T15:02:29 IST" name="Default test" finished-at="2025-10-08T15:02:59 IST" duration-ms="30025">
      <class name="test.LiquidationReportTest">
        <test-method is-config="true" signature="Login()[pri:0, instance:test.LiquidationReportTest@2de23121]" started-at="2025-10-08T15:02:29 IST" name="Login" finished-at="2025-10-08T15:02:32 IST" duration-ms="2521" status="PASS">
          <reporter-output>
          </reporter-output>
        </test-method> <!-- Login -->
        <test-method signature="liquidationReport()[pri:0, instance:test.LiquidationReportTest@2de23121]" started-at="2025-10-08T15:02:32 IST" name="liquidationReport" finished-at="2025-10-08T15:02:59 IST" duration-ms="27165" status="PASS">
          <reporter-output>
          </reporter-output>
        </test-method> <!-- liquidationReport -->
        <test-method is-config="true" signature="closeInstance()[pri:0, instance:test.LiquidationReportTest@2de23121]" started-at="2025-10-08T15:02:59 IST" name="closeInstance" finished-at="2025-10-08T15:02:59 IST" duration-ms="305" status="PASS">
          <reporter-output>
          </reporter-output>
        </test-method> <!-- closeInstance -->
      </class> <!-- test.LiquidationReportTest -->
    </test> <!-- Default test -->
  </suite> <!-- Default suite -->
</testng-results>
