<?xml version="1.0" encoding="UTF-8"?>
<testng-results ignored="0" total="1" passed="1" failed="0" skipped="0">
  <reporter-output>
  </reporter-output>
  <suite started-at="2025-11-07T16:40:33 IST" name="Default suite" finished-at="2025-11-07T16:40:52 IST" duration-ms="19734">
    <groups>
    </groups>
    <test started-at="2025-11-07T16:40:33 IST" name="Default test" finished-at="2025-11-07T16:40:52 IST" duration-ms="19734">
      <class name="test.ReportTest">
        <test-method signature="reportGeneration()[pri:0, instance:test.ReportTest@62ddbd7e]" started-at="2025-11-07T16:40:33 IST" name="reportGeneration" finished-at="2025-11-07T16:40:52 IST" duration-ms="19693" status="PASS">
          <reporter-output>
          </reporter-output>
        </test-method> <!-- reportGeneration -->
      </class> <!-- test.ReportTest -->
    </test> <!-- Default test -->
  </suite> <!-- Default suite -->
</testng-results>
