<?xml version="1.0" encoding="UTF-8"?>
<testng-results ignored="0" total="1" passed="1" failed="0" skipped="0">
  <reporter-output>
  </reporter-output>
  <suite started-at="2025-10-23T08:24:37 IST" name="Default suite" finished-at="2025-10-23T08:24:37 IST" duration-ms="379">
    <groups>
    </groups>
    <test started-at="2025-10-23T08:24:37 IST" name="Default test" finished-at="2025-10-23T08:24:37 IST" duration-ms="379">
      <class name="test.FTPUploaderTest">
        <test-method signature="upload()[pri:0, instance:test.FTPUploaderTest@3b0090a4]" started-at="2025-10-23T08:24:37 IST" name="upload" finished-at="2025-10-23T08:24:37 IST" duration-ms="334" status="PASS">
          <reporter-output>
          </reporter-output>
        </test-method> <!-- upload -->
      </class> <!-- test.FTPUploaderTest -->
    </test> <!-- Default test -->
  </suite> <!-- Default suite -->
</testng-results>
