<?xml version="1.0" encoding="UTF-8"?>
<testng-results ignored="1" total="2" passed="1" failed="0" skipped="0">
  <reporter-output>
  </reporter-output>
  <suite started-at="2026-02-09T14:17:11 IST" name="Default suite" finished-at="2026-02-09T14:19:40 IST" duration-ms="149360">
    <groups>
    </groups>
    <test started-at="2026-02-09T14:17:11 IST" name="Default test" finished-at="2026-02-09T14:19:40 IST" duration-ms="149360">
      <class name="test.GraciaReportTest">
        <test-method is-config="true" signature="Login()[pri:0, instance:test.GraciaReportTest@4e50c791]" started-at="2026-02-09T14:17:11 IST" name="Login" finished-at="2026-02-09T14:17:15 IST" duration-ms="3835" status="PASS">
          <reporter-output>
          </reporter-output>
        </test-method> <!-- Login -->
        <test-method signature="report_Gracia()[pri:0, instance:test.GraciaReportTest@4e50c791]" started-at="2026-02-09T14:17:15 IST" name="report_Gracia" finished-at="2026-02-09T14:19:40 IST" duration-ms="145199" status="PASS">
          <reporter-output>
          </reporter-output>
        </test-method> <!-- report_Gracia -->
        <test-method is-config="true" signature="closeApp()[pri:0, instance:test.GraciaReportTest@4e50c791]" started-at="2026-02-09T14:19:40 IST" name="closeApp" finished-at="2026-02-09T14:19:40 IST" duration-ms="304" status="PASS">
          <reporter-output>
          </reporter-output>
        </test-method> <!-- closeApp -->
      </class> <!-- test.GraciaReportTest -->
    </test> <!-- Default test -->
  </suite> <!-- Default suite -->
</testng-results>
