<?xml version="1.0" encoding="UTF-8"?>
<testng-results ignored="0" total="1" passed="1" failed="0" skipped="0">
  <reporter-output>
  </reporter-output>
  <suite started-at="2025-10-10T10:19:39 IST" name="Default suite" finished-at="2025-10-10T10:19:40 IST" duration-ms="510">
    <groups>
    </groups>
    <test started-at="2025-10-10T10:19:39 IST" name="Default test" finished-at="2025-10-10T10:19:40 IST" duration-ms="510">
      <class name="test.FTPUploaderTest">
        <test-method signature="upload()[pri:0, instance:test.FTPUploaderTest@3b0090a4]" started-at="2025-10-10T10:19:39 IST" name="upload" finished-at="2025-10-10T10:19:40 IST" duration-ms="470" status="PASS">
          <reporter-output>
          </reporter-output>
        </test-method> <!-- upload -->
      </class> <!-- test.FTPUploaderTest -->
    </test> <!-- Default test -->
  </suite> <!-- Default suite -->
</testng-results>
