<?xml version="1.0" encoding="UTF-8"?>
<testng-results ignored="1" total="2" passed="1" failed="0" skipped="0">
  <reporter-output>
  </reporter-output>
  <suite started-at="2026-01-05T11:15:42 IST" name="Default suite" finished-at="2026-01-05T11:15:47 IST" duration-ms="4856">
    <groups>
    </groups>
    <test started-at="2026-01-05T11:15:42 IST" name="Default test" finished-at="2026-01-05T11:15:47 IST" duration-ms="4856">
      <class name="test.GraciaReportTest">
        <test-method is-config="true" signature="Login()[pri:0, instance:test.GraciaReportTest@c0c2f8d]" started-at="2026-01-05T11:15:42 IST" name="Login" finished-at="2026-01-05T11:15:44 IST" duration-ms="1776" status="PASS">
          <reporter-output>
          </reporter-output>
        </test-method> <!-- Login -->
        <test-method signature="gracia_Report_Upload()[pri:0, instance:test.GraciaReportTest@c0c2f8d]" started-at="2026-01-05T11:15:44 IST" name="gracia_Report_Upload" finished-at="2026-01-05T11:15:47 IST" duration-ms="3051" status="PASS">
          <reporter-output>
          </reporter-output>
        </test-method> <!-- gracia_Report_Upload -->
      </class> <!-- test.GraciaReportTest -->
    </test> <!-- Default test -->
  </suite> <!-- Default suite -->
</testng-results>
