<?xml version="1.0" encoding="UTF-8"?>
<testng-results ignored="1" total="2" passed="1" failed="0" skipped="0">
  <reporter-output>
  </reporter-output>
  <suite started-at="2026-02-04T11:11:37 IST" name="Default suite" finished-at="2026-02-04T11:13:53 IST" duration-ms="136647">
    <groups>
    </groups>
    <test started-at="2026-02-04T11:11:37 IST" name="Default test" finished-at="2026-02-04T11:13:53 IST" duration-ms="136647">
      <class name="test.StartAndEndDayReport_CPB_Test">
        <test-method is-config="true" signature="Login()[pri:0, instance:test.StartAndEndDayReport_CPB_Test@4e50c791]" started-at="2026-02-04T11:11:37 IST" name="Login" finished-at="2026-02-04T11:11:45 IST" duration-ms="8619" status="PASS">
          <reporter-output>
          </reporter-output>
        </test-method> <!-- Login -->
        <test-method signature="start_N_EndDayLog()[pri:0, instance:test.StartAndEndDayReport_CPB_Test@4e50c791]" started-at="2026-02-04T11:11:45 IST" name="start_N_EndDayLog" finished-at="2026-02-04T11:13:53 IST" duration-ms="127465" status="PASS">
          <reporter-output>
          </reporter-output>
        </test-method> <!-- start_N_EndDayLog -->
        <test-method is-config="true" signature="closeInstance()[pri:0, instance:test.StartAndEndDayReport_CPB_Test@4e50c791]" started-at="2026-02-04T11:13:53 IST" name="closeInstance" finished-at="2026-02-04T11:13:53 IST" duration-ms="531" status="PASS">
          <reporter-output>
          </reporter-output>
        </test-method> <!-- closeInstance -->
      </class> <!-- test.StartAndEndDayReport_CPB_Test -->
    </test> <!-- Default test -->
  </suite> <!-- Default suite -->
</testng-results>
