<?xml version="1.0" encoding="UTF-8"?>
<testng-results ignored="1" total="2" passed="1" failed="0" skipped="0">
  <reporter-output>
  </reporter-output>
  <suite started-at="2025-10-24T14:39:14 IST" name="Default suite" finished-at="2025-10-24T14:39:18 IST" duration-ms="3290">
    <groups>
    </groups>
    <test started-at="2025-10-24T14:39:14 IST" name="Default test" finished-at="2025-10-24T14:39:18 IST" duration-ms="3290">
      <class name="test.LiquidationReportTest">
        <test-method is-config="true" signature="Login()[pri:0, instance:test.LiquidationReportTest@63475ace]" started-at="2025-10-24T14:39:14 IST" name="Login" finished-at="2025-10-24T14:39:16 IST" duration-ms="1967" status="PASS">
          <reporter-output>
          </reporter-output>
        </test-method> <!-- Login -->
        <test-method signature="upload()[pri:1, instance:test.LiquidationReportTest@63475ace]" started-at="2025-10-24T14:39:16 IST" name="upload" finished-at="2025-10-24T14:39:17 IST" duration-ms="916" status="PASS">
          <reporter-output>
          </reporter-output>
        </test-method> <!-- upload -->
        <test-method is-config="true" signature="closeInstance()[pri:0, instance:test.LiquidationReportTest@63475ace]" started-at="2025-10-24T14:39:17 IST" name="closeInstance" finished-at="2025-10-24T14:39:18 IST" duration-ms="381" status="PASS">
          <reporter-output>
          </reporter-output>
        </test-method> <!-- closeInstance -->
      </class> <!-- test.LiquidationReportTest -->
    </test> <!-- Default test -->
  </suite> <!-- Default suite -->
</testng-results>
