<?xml version="1.0" encoding="UTF-8"?>
<testng-results ignored="1" total="2" passed="1" failed="0" skipped="0">
  <reporter-output>
  </reporter-output>
  <suite started-at="2025-10-29T09:09:33 IST" name="Default suite" finished-at="2025-10-29T09:09:36 IST" duration-ms="2956">
    <groups>
    </groups>
    <test started-at="2025-10-29T09:09:33 IST" name="Default test" finished-at="2025-10-29T09:09:36 IST" duration-ms="2956">
      <class name="test.LiquidationReportTest">
        <test-method is-config="true" signature="Login()[pri:0, instance:test.LiquidationReportTest@63475ace]" started-at="2025-10-29T09:09:33 IST" name="Login" finished-at="2025-10-29T09:09:35 IST" duration-ms="2121" status="PASS">
          <reporter-output>
          </reporter-output>
        </test-method> <!-- Login -->
        <test-method signature="upload()[pri:0, instance:test.LiquidationReportTest@63475ace]" started-at="2025-10-29T09:09:35 IST" name="upload" finished-at="2025-10-29T09:09:36 IST" duration-ms="616" status="PASS">
          <reporter-output>
          </reporter-output>
        </test-method> <!-- upload -->
        <test-method is-config="true" signature="closeInstance()[pri:0, instance:test.LiquidationReportTest@63475ace]" started-at="2025-10-29T09:09:36 IST" name="closeInstance" finished-at="2025-10-29T09:09:36 IST" duration-ms="188" status="PASS">
          <reporter-output>
          </reporter-output>
        </test-method> <!-- closeInstance -->
      </class> <!-- test.LiquidationReportTest -->
    </test> <!-- Default test -->
  </suite> <!-- Default suite -->
</testng-results>
