<?xml version="1.0" encoding="UTF-8"?>
<!-- Generated by org.testng.reporters.JUnitReportReporter -->
<testsuite hostname="GAVLMUMDT-046" failures="0" tests="2" name="test.AF_UserListReportTest" time="15.027" errors="0" timestamp="2025-12-23T09:07:19 IST" skipped="0">
  <testcase classname="test.AF_UserListReportTest" name="uploadToFTP_AF_User" time="3.524"/>
  <testcase classname="test.AF_UserListReportTest" name="AF_userListReport" time="11.503"/>
</testsuite> <!-- test.AF_UserListReportTest -->
