<?xml version="1.0" encoding="UTF-8"?>
<!-- Generated by org.testng.reporters.JUnitReportReporter -->
<testsuite hostname="GAVLMUMDT-046" failures="0" tests="2" name="test.CPB_UserListReportTest" time="79.642" errors="0" timestamp="2025-12-24T10:23:34 IST" skipped="0">
  <testcase classname="test.CPB_UserListReportTest" name="userListReport" time="76.073"/>
  <testcase classname="test.CPB_UserListReportTest" name="uploadToFTP_User" time="3.569"/>
</testsuite> <!-- test.CPB_UserListReportTest -->
