<?xml version="1.0" encoding="UTF-8"?>
<!-- Generated by org.testng.reporters.JUnitReportReporter -->
<testsuite hostname="GAVLMUMDT-046" failures="0" tests="2" name="test.AF_UserListReportTest" time="85.285" errors="0" timestamp="2026-01-09T09:51:43 IST" skipped="0">
  <testcase classname="test.AF_UserListReportTest" name="AF_userListReport" time="61.218"/>
  <testcase classname="test.AF_UserListReportTest" name="uploadToFTP_AF_User" time="24.067"/>
</testsuite> <!-- test.AF_UserListReportTest -->
