<?xml version="1.0" encoding="UTF-8"?>
<!-- Generated by org.testng.reporters.JUnitReportReporter -->
<testsuite hostname="GAVLMUMDT-046" failures="0" tests="2" name="test.CPB_UserListReportTest" time="79.308" errors="0" timestamp="2026-01-07T10:43:48 IST" skipped="0">
  <testcase classname="test.CPB_UserListReportTest" name="userListReport" time="75.713"/>
  <testcase classname="test.CPB_UserListReportTest" name="uploadToFTP_User" time="3.595"/>
</testsuite> <!-- test.CPB_UserListReportTest -->
